[2025-06-05 22:35:06,042] 1025 - INFO - HTTP Request: GET https://dagshub.com/api/v1/user "HTTP/1.1 200 OK"
[2025-06-05 22:35:06,058] 107 - INFO - Accessing as Shahinurhasans
[2025-06-05 22:35:11,086] 1025 - INFO - HTTP Request: GET https://dagshub.com/api/v1/repos/Shahinurhasans/networksecurity "HTTP/1.1 200 OK"
[2025-06-05 22:35:15,276] 1025 - INFO - HTTP Request: GET https://dagshub.com/api/v1/user "HTTP/1.1 200 OK"
[2025-06-05 22:35:15,276] 107 - INFO - Initialized MLflow to track repo "Shahinurhasans/networksecurity"
[2025-06-05 22:35:15,276] 107 - INFO - Repository Shahinurhasans/networksecurity initialized!
[2025-06-05 22:35:15,276] 20 - INFO - Initiate the data ingestion
[2025-06-05 23:47:51,251] 65 - INFO - Performed train test split on the dataframe
[2025-06-05 23:47:51,251] 67 - INFO - Exited split_data_as_train_test method of Data_Ingestion class
[2025-06-05 23:47:51,253] 75 - INFO - Exporting train and test file path.
[2025-06-05 23:47:51,362] 84 - INFO - Exported train and test file path.
[2025-06-05 23:47:51,364] 22 - INFO - Data Initiation Completed
[2025-06-05 23:47:51,378] 26 - INFO - Initiate the data Validation
[2025-06-05 23:47:51,475] 32 - INFO - Required number of columns:2
[2025-06-05 23:47:51,475] 33 - INFO - Data frame has columns:31
[2025-06-05 23:47:51,475] 32 - INFO - Required number of columns:2
[2025-06-05 23:47:51,475] 33 - INFO - Data frame has columns:31
[2025-06-05 23:47:51,746] 28 - INFO - data Validation Completed
[2025-06-05 23:47:51,751] 31 - INFO - data Transformation started
[2025-06-05 23:47:51,751] 63 - INFO - Entered initiate_data_transformation method of DataTransformation class
[2025-06-05 23:47:51,751] 65 - INFO - Starting data transformation
[2025-06-05 23:47:51,816] 48 - INFO - Entered get_data_trnasformer_object method of Trnasformation class
[2025-06-05 23:47:51,816] 53 - INFO - Initialise KNNImputer with {'missing_values': nan, 'n_neighbors': 3, 'weights': 'uniform'}
[2025-06-05 23:47:51,885] 41 - INFO - Entered the save_object method of MainUtils class
[2025-06-05 23:47:51,889] 45 - INFO - Exited the save_object method of MainUtils class
[2025-06-05 23:47:51,890] 41 - INFO - Entered the save_object method of MainUtils class
[2025-06-05 23:47:51,893] 45 - INFO - Exited the save_object method of MainUtils class
[2025-06-05 23:47:51,901] 35 - INFO - data Transformation completed
[2025-06-05 23:47:51,901] 37 - INFO - Model Training sstared
[2025-06-05 23:51:25,451] 41 - INFO - Entered the save_object method of MainUtils class
[2025-06-05 23:51:25,452] 45 - INFO - Exited the save_object method of MainUtils class
[2025-06-05 23:51:25,452] 41 - INFO - Entered the save_object method of MainUtils class
[2025-06-05 23:51:25,454] 45 - INFO - Exited the save_object method of MainUtils class
[2025-06-05 23:51:25,454] 174 - INFO - Model trainer artifact: ModelTrainerArtifact(trained_model_file_path='artifact\\06_05_2025_22_34_44\\model_trainer\\trained_model\\model.pkl', train_metric_artifact=ClassificationMetricArtifact(f1_score=0.9908219868885527, precision_score=0.9877337623165091, recall_score=0.9939295831647107), test_metric_artifact=ClassificationMetricArtifact(f1_score=0.9720394736842105, precision_score=0.971240755957272, recall_score=0.9728395061728395))
[2025-06-05 23:51:25,454] 42 - INFO - Model Training artifact created
