[2025-06-05 23:56:54,097] 1025 - INFO - HTTP Request: GET https://dagshub.com/api/v1/user "HTTP/1.1 200 OK"
[2025-06-05 23:56:54,119] 107 - INFO - Accessing as Shahinurhasans
[2025-06-05 23:56:54,677] 1025 - INFO - HTTP Request: GET https://dagshub.com/api/v1/repos/Shahinurhasans/networksecurity "HTTP/1.1 200 OK"
[2025-06-05 23:56:55,251] 1025 - INFO - HTTP Request: GET https://dagshub.com/api/v1/user "HTTP/1.1 200 OK"
[2025-06-05 23:56:55,251] 107 - INFO - Initialized MLflow to track repo "Shahinurhasans/networksecurity"
[2025-06-05 23:56:55,251] 107 - INFO - Repository Shahinurhasans/networksecurity initialized!
[2025-06-05 23:56:55,251] 20 - INFO - Initiate the data ingestion
[2025-06-05 23:57:04,464] 65 - INFO - Performed train test split on the dataframe
[2025-06-05 23:57:04,464] 67 - INFO - Exited split_data_as_train_test method of Data_Ingestion class
[2025-06-05 23:57:04,464] 75 - INFO - Exporting train and test file path.
[2025-06-05 23:57:04,514] 84 - INFO - Exported train and test file path.
[2025-06-05 23:57:04,514] 22 - INFO - Data Initiation Completed
[2025-06-05 23:57:04,530] 26 - INFO - Initiate the data Validation
[2025-06-05 23:57:04,597] 32 - INFO - Required number of columns:2
[2025-06-05 23:57:04,597] 33 - INFO - Data frame has columns:31
[2025-06-05 23:57:04,597] 32 - INFO - Required number of columns:2
[2025-06-05 23:57:04,597] 33 - INFO - Data frame has columns:31
[2025-06-05 23:57:04,751] 28 - INFO - data Validation Completed
[2025-06-05 23:57:04,751] 31 - INFO - data Transformation started
[2025-06-05 23:57:04,751] 63 - INFO - Entered initiate_data_transformation method of DataTransformation class
[2025-06-05 23:57:04,751] 65 - INFO - Starting data transformation
[2025-06-05 23:57:04,782] 48 - INFO - Entered get_data_trnasformer_object method of Trnasformation class
[2025-06-05 23:57:04,782] 53 - INFO - Initialise KNNImputer with {'missing_values': nan, 'n_neighbors': 3, 'weights': 'uniform'}
[2025-06-05 23:57:04,798] 41 - INFO - Entered the save_object method of MainUtils class
[2025-06-05 23:57:04,801] 45 - INFO - Exited the save_object method of MainUtils class
[2025-06-05 23:57:04,801] 41 - INFO - Entered the save_object method of MainUtils class
[2025-06-05 23:57:04,801] 45 - INFO - Exited the save_object method of MainUtils class
[2025-06-05 23:57:04,801] 35 - INFO - data Transformation completed
[2025-06-05 23:57:04,801] 37 - INFO - Model Training sstared
[2025-06-06 00:00:14,791] 41 - INFO - Entered the save_object method of MainUtils class
[2025-06-06 00:00:14,791] 45 - INFO - Exited the save_object method of MainUtils class
[2025-06-06 00:00:14,791] 41 - INFO - Entered the save_object method of MainUtils class
[2025-06-06 00:00:14,809] 45 - INFO - Exited the save_object method of MainUtils class
[2025-06-06 00:00:14,809] 174 - INFO - Model trainer artifact: ModelTrainerArtifact(trained_model_file_path='artifact\\06_05_2025_23_56_48\\model_trainer\\trained_model\\model.pkl', train_metric_artifact=ClassificationMetricArtifact(f1_score=0.9913253984264676, precision_score=0.9887323943661972, recall_score=0.9939320388349514), test_metric_artifact=ClassificationMetricArtifact(f1_score=0.975193167954453, precision_score=0.9622792937399679, recall_score=0.9884583676834295))
[2025-06-06 00:00:14,809] 42 - INFO - Model Training artifact created
