[2025-06-06 18:24:20,225] 1025 - INFO - HTTP Request: GET https://dagshub.com/api/v1/user "HTTP/1.1 200 OK"
[2025-06-06 18:24:20,236] 107 - INFO - Accessing as Shahinurhasans
[2025-06-06 18:24:20,880] 1025 - INFO - HTTP Request: GET https://dagshub.com/api/v1/repos/Shahinurhasans/networksecurity "HTTP/1.1 200 OK"
[2025-06-06 18:24:21,583] 1025 - INFO - HTTP Request: GET https://dagshub.com/api/v1/user "HTTP/1.1 200 OK"
[2025-06-06 18:24:21,583] 107 - INFO - Initialized MLflow to track repo "Shahinurhasans/networksecurity"
[2025-06-06 18:24:21,583] 107 - INFO - Repository Shahinurhasans/networksecurity initialized!
[2025-06-06 18:24:55,119] 42 - INFO - Start data Ingestion
[2025-06-06 18:25:11,967] 65 - INFO - Performed train test split on the dataframe
[2025-06-06 18:25:11,967] 67 - INFO - Exited split_data_as_train_test method of Data_Ingestion class
[2025-06-06 18:25:11,969] 75 - INFO - Exporting train and test file path.
[2025-06-06 18:25:12,017] 84 - INFO - Exported train and test file path.
[2025-06-06 18:25:12,017] 45 - INFO - Data Ingestion completed and artifact: DataIngestionArtifact(trained_file_path='artifact\\06_06_2025_18_24_16\\data_ingestion\\ingested\\train.csv', test_file_path='artifact\\06_06_2025_18_24_16\\data_ingestion\\ingested\\test.csv')
[2025-06-06 18:25:12,033] 55 - INFO - Initiate the data Validation
[2025-06-06 18:25:12,081] 32 - INFO - Required number of columns:2
[2025-06-06 18:25:12,081] 33 - INFO - Data frame has columns:31
[2025-06-06 18:25:12,081] 32 - INFO - Required number of columns:2
[2025-06-06 18:25:12,081] 33 - INFO - Data frame has columns:31
[2025-06-06 18:25:12,208] 63 - INFO - Entered initiate_data_transformation method of DataTransformation class
[2025-06-06 18:25:12,208] 65 - INFO - Starting data transformation
[2025-06-06 18:25:12,239] 48 - INFO - Entered get_data_trnasformer_object method of Trnasformation class
[2025-06-06 18:25:12,239] 53 - INFO - Initialise KNNImputer with {'missing_values': nan, 'n_neighbors': 3, 'weights': 'uniform'}
[2025-06-06 18:25:36,748] 41 - INFO - Entered the save_object method of MainUtils class
[2025-06-06 18:25:36,758] 45 - INFO - Exited the save_object method of MainUtils class
[2025-06-06 18:25:36,758] 41 - INFO - Entered the save_object method of MainUtils class
[2025-06-06 18:25:36,760] 45 - INFO - Exited the save_object method of MainUtils class
