[2025-06-06 18:19:01,844] 1025 - INFO - HTTP Request: GET https://dagshub.com/api/v1/user "HTTP/1.1 200 OK"
[2025-06-06 18:19:01,860] 107 - INFO - Accessing as Shahinurhasans
[2025-06-06 18:19:02,482] 1025 - INFO - HTTP Request: GET https://dagshub.com/api/v1/repos/Shahinurhasans/networksecurity "HTTP/1.1 200 OK"
[2025-06-06 18:19:02,981] 1025 - INFO - HTTP Request: GET https://dagshub.com/api/v1/user "HTTP/1.1 200 OK"
[2025-06-06 18:19:02,981] 107 - INFO - Initialized MLflow to track repo "Shahinurhasans/networksecurity"
[2025-06-06 18:19:02,981] 107 - INFO - Repository Shahinurhasans/networksecurity initialized!
[2025-06-06 18:19:09,064] 42 - INFO - Start data Ingestion
[2025-06-06 18:19:14,891] 65 - INFO - Performed train test split on the dataframe
[2025-06-06 18:19:14,891] 67 - INFO - Exited split_data_as_train_test method of Data_Ingestion class
[2025-06-06 18:19:14,891] 75 - INFO - Exporting train and test file path.
[2025-06-06 18:19:14,962] 84 - INFO - Exported train and test file path.
[2025-06-06 18:19:14,962] 45 - INFO - Data Ingestion completed and artifact: DataIngestionArtifact(trained_file_path='artifact\\06_06_2025_18_18_50\\data_ingestion\\ingested\\train.csv', test_file_path='artifact\\06_06_2025_18_18_50\\data_ingestion\\ingested\\test.csv')
[2025-06-06 18:19:14,974] 55 - INFO - Initiate the data Validation
[2025-06-06 18:19:15,033] 32 - INFO - Required number of columns:2
[2025-06-06 18:19:15,033] 33 - INFO - Data frame has columns:31
[2025-06-06 18:19:15,033] 32 - INFO - Required number of columns:2
[2025-06-06 18:19:15,033] 33 - INFO - Data frame has columns:31
[2025-06-06 18:19:15,178] 63 - INFO - Entered initiate_data_transformation method of DataTransformation class
[2025-06-06 18:19:15,178] 65 - INFO - Starting data transformation
[2025-06-06 18:19:15,231] 48 - INFO - Entered get_data_trnasformer_object method of Trnasformation class
[2025-06-06 18:19:15,231] 53 - INFO - Initialise KNNImputer with {'missing_values': nan, 'n_neighbors': 3, 'weights': 'uniform'}
[2025-06-06 18:19:38,830] 41 - INFO - Entered the save_object method of MainUtils class
[2025-06-06 18:19:38,830] 45 - INFO - Exited the save_object method of MainUtils class
[2025-06-06 18:19:38,830] 41 - INFO - Entered the save_object method of MainUtils class
[2025-06-06 18:19:38,830] 45 - INFO - Exited the save_object method of MainUtils class
