[2025-06-06 01:15:13,046] 1025 - INFO - HTTP Request: GET https://dagshub.com/api/v1/user "HTTP/1.1 200 OK"
[2025-06-06 01:15:13,052] 107 - INFO - Accessing as Shahinurhasans
[2025-06-06 01:15:13,611] 1025 - INFO - HTTP Request: GET https://dagshub.com/api/v1/repos/Shahinurhasans/networksecurity "HTTP/1.1 200 OK"
[2025-06-06 01:15:14,099] 1025 - INFO - HTTP Request: GET https://dagshub.com/api/v1/user "HTTP/1.1 200 OK"
[2025-06-06 01:15:14,099] 107 - INFO - Initialized MLflow to track repo "Shahinurhasans/networksecurity"
[2025-06-06 01:15:14,099] 107 - INFO - Repository Shahinurhasans/networksecurity initialized!
[2025-06-06 01:15:37,018] 42 - INFO - Start data Ingestion
[2025-06-06 01:15:42,869] 65 - INFO - Performed train test split on the dataframe
[2025-06-06 01:15:42,869] 67 - INFO - Exited split_data_as_train_test method of Data_Ingestion class
[2025-06-06 01:15:42,870] 75 - INFO - Exporting train and test file path.
[2025-06-06 01:15:42,931] 84 - INFO - Exported train and test file path.
[2025-06-06 01:15:42,931] 45 - INFO - Data Ingestion completed and artifact: DataIngestionArtifact(trained_file_path='artifact\\06_06_2025_01_15_08\\data_ingestion\\ingested\\train.csv', test_file_path='artifact\\06_06_2025_01_15_08\\data_ingestion\\ingested\\test.csv')
[2025-06-06 01:15:42,931] 55 - INFO - Initiate the data Validation
[2025-06-06 01:15:43,023] 32 - INFO - Required number of columns:2
[2025-06-06 01:15:43,023] 33 - INFO - Data frame has columns:31
[2025-06-06 01:15:43,023] 32 - INFO - Required number of columns:2
[2025-06-06 01:15:43,023] 33 - INFO - Data frame has columns:31
[2025-06-06 01:15:43,194] 63 - INFO - Entered initiate_data_transformation method of DataTransformation class
[2025-06-06 01:15:43,194] 65 - INFO - Starting data transformation
[2025-06-06 01:15:43,211] 48 - INFO - Entered get_data_trnasformer_object method of Trnasformation class
[2025-06-06 01:15:43,211] 53 - INFO - Initialise KNNImputer with {'missing_values': nan, 'n_neighbors': 3, 'weights': 'uniform'}
[2025-06-06 01:16:02,542] 41 - INFO - Entered the save_object method of MainUtils class
[2025-06-06 01:16:02,547] 45 - INFO - Exited the save_object method of MainUtils class
[2025-06-06 01:16:02,547] 41 - INFO - Entered the save_object method of MainUtils class
[2025-06-06 01:16:02,547] 45 - INFO - Exited the save_object method of MainUtils class
[2025-06-06 01:24:35,550] 868 - WARNING - Retrying (Retry(total=6, connect=7, read=6, redirect=7, status=7)) after connection broken by 'RemoteDisconnected('Remote end closed connection without response')': /Shahinurhasans/networksecurity.mlflow/api/2.0/mlflow-artifacts/artifacts/db549bdfa22747608ee80baed07a21c3/5b6a58522336463b9bacfb8b9fefa5ff/artifacts/model/conda.yaml
[2025-06-06 01:24:39,917] 868 - WARNING - Retrying (Retry(total=5, connect=6, read=6, redirect=7, status=7)) after connection broken by 'NameResolutionError("<urllib3.connection.HTTPSConnection object at 0x000002BA03360700>: Failed to resolve 'dagshub.com' ([Errno 11001] getaddrinfo failed)")': /Shahinurhasans/networksecurity.mlflow/api/2.0/mlflow-artifacts/artifacts/db549bdfa22747608ee80baed07a21c3/5b6a58522336463b9bacfb8b9fefa5ff/artifacts/model/conda.yaml
[2025-06-06 01:24:48,001] 868 - WARNING - Retrying (Retry(total=4, connect=5, read=6, redirect=7, status=7)) after connection broken by 'NameResolutionError("<urllib3.connection.HTTPSConnection object at 0x000002BA03361E10>: Failed to resolve 'dagshub.com' ([Errno 11001] getaddrinfo failed)")': /Shahinurhasans/networksecurity.mlflow/api/2.0/mlflow-artifacts/artifacts/db549bdfa22747608ee80baed07a21c3/5b6a58522336463b9bacfb8b9fefa5ff/artifacts/model/conda.yaml
[2025-06-06 01:25:04,815] 868 - WARNING - Retrying (Retry(total=3, connect=4, read=6, redirect=7, status=7)) after connection broken by 'NameResolutionError("<urllib3.connection.HTTPSConnection object at 0x000002BA03362740>: Failed to resolve 'dagshub.com' ([Errno 11001] getaddrinfo failed)")': /Shahinurhasans/networksecurity.mlflow/api/2.0/mlflow-artifacts/artifacts/db549bdfa22747608ee80baed07a21c3/5b6a58522336463b9bacfb8b9fefa5ff/artifacts/model/conda.yaml
[2025-06-06 01:25:36,860] 868 - WARNING - Retrying (Retry(total=2, connect=3, read=6, redirect=7, status=7)) after connection broken by 'NameResolutionError("<urllib3.connection.HTTPSConnection object at 0x000002BA033633D0>: Failed to resolve 'dagshub.com' ([Errno 11001] getaddrinfo failed)")': /Shahinurhasans/networksecurity.mlflow/api/2.0/mlflow-artifacts/artifacts/db549bdfa22747608ee80baed07a21c3/5b6a58522336463b9bacfb8b9fefa5ff/artifacts/model/conda.yaml
[2025-06-06 01:26:41,227] 868 - WARNING - Retrying (Retry(total=1, connect=2, read=6, redirect=7, status=7)) after connection broken by 'NameResolutionError("<urllib3.connection.HTTPSConnection object at 0x000002BA03360130>: Failed to resolve 'dagshub.com' ([Errno 11001] getaddrinfo failed)")': /Shahinurhasans/networksecurity.mlflow/api/2.0/mlflow-artifacts/artifacts/db549bdfa22747608ee80baed07a21c3/5b6a58522336463b9bacfb8b9fefa5ff/artifacts/model/conda.yaml
