[2025-06-06 00:01:53,299] 1025 - INFO - HTTP Request: GET https://dagshub.com/api/v1/user "HTTP/1.1 200 OK"
[2025-06-06 00:01:53,304] 107 - INFO - Accessing as Shahinurhasans
[2025-06-06 00:01:53,837] 1025 - INFO - HTTP Request: GET https://dagshub.com/api/v1/repos/Shahinurhasans/networksecurity "HTTP/1.1 200 OK"
[2025-06-06 00:01:54,346] 1025 - INFO - HTTP Request: GET https://dagshub.com/api/v1/user "HTTP/1.1 200 OK"
[2025-06-06 00:01:54,346] 107 - INFO - Initialized MLflow to track repo "Shahinurhasans/networksecurity"
[2025-06-06 00:01:54,346] 107 - INFO - Repository Shahinurhasans/networksecurity initialized!
[2025-06-06 00:01:55,361] 20 - INFO - Initiate the data ingestion
[2025-06-06 00:02:11,009] 65 - INFO - Performed train test split on the dataframe
[2025-06-06 00:02:11,009] 67 - INFO - Exited split_data_as_train_test method of Data_Ingestion class
[2025-06-06 00:02:11,009] 75 - INFO - Exporting train and test file path.
[2025-06-06 00:02:11,080] 84 - INFO - Exported train and test file path.
[2025-06-06 00:02:11,080] 22 - INFO - Data Initiation Completed
[2025-06-06 00:02:11,089] 26 - INFO - Initiate the data Validation
[2025-06-06 00:02:11,151] 32 - INFO - Required number of columns:2
[2025-06-06 00:02:11,151] 33 - INFO - Data frame has columns:31
[2025-06-06 00:02:11,151] 32 - INFO - Required number of columns:2
[2025-06-06 00:02:11,151] 33 - INFO - Data frame has columns:31
[2025-06-06 00:02:11,273] 28 - INFO - data Validation Completed
[2025-06-06 00:02:11,273] 31 - INFO - data Transformation started
[2025-06-06 00:02:11,273] 63 - INFO - Entered initiate_data_transformation method of DataTransformation class
[2025-06-06 00:02:11,273] 65 - INFO - Starting data transformation
[2025-06-06 00:02:11,295] 48 - INFO - Entered get_data_trnasformer_object method of Trnasformation class
[2025-06-06 00:02:11,295] 53 - INFO - Initialise KNNImputer with {'missing_values': nan, 'n_neighbors': 3, 'weights': 'uniform'}
[2025-06-06 00:02:18,988] 41 - INFO - Entered the save_object method of MainUtils class
[2025-06-06 00:02:19,004] 45 - INFO - Exited the save_object method of MainUtils class
[2025-06-06 00:02:19,004] 41 - INFO - Entered the save_object method of MainUtils class
[2025-06-06 00:02:19,006] 45 - INFO - Exited the save_object method of MainUtils class
[2025-06-06 00:02:19,008] 35 - INFO - data Transformation completed
[2025-06-06 00:02:19,008] 37 - INFO - Model Training sstared
[2025-06-06 00:07:18,742] 41 - INFO - Entered the save_object method of MainUtils class
[2025-06-06 00:07:18,743] 45 - INFO - Exited the save_object method of MainUtils class
[2025-06-06 00:07:18,744] 41 - INFO - Entered the save_object method of MainUtils class
[2025-06-06 00:07:18,784] 45 - INFO - Exited the save_object method of MainUtils class
[2025-06-06 00:07:18,785] 175 - INFO - Model trainer artifact: ModelTrainerArtifact(trained_model_file_path='artifact\\06_06_2025_00_01_48\\model_trainer\\trained_model\\model.pkl', train_metric_artifact=ClassificationMetricArtifact(f1_score=0.9908777620109467, precision_score=0.9876742776318448, recall_score=0.9941020947732357), test_metric_artifact=ClassificationMetricArtifact(f1_score=0.97508038585209, precision_score=0.9719551282051282, recall_score=0.978225806451613))
[2025-06-06 00:07:18,788] 42 - INFO - Model Training artifact created
