[2025-06-06 00:12:30,045] 1025 - INFO - HTTP Request: GET https://dagshub.com/api/v1/user "HTTP/1.1 200 OK"
[2025-06-06 00:12:30,061] 107 - INFO - Accessing as Shahinurhasans
[2025-06-06 00:12:31,217] 1025 - INFO - HTTP Request: GET https://dagshub.com/api/v1/repos/Shahinurhasans/networksecurity "HTTP/1.1 200 OK"
[2025-06-06 00:12:31,766] 1025 - INFO - HTTP Request: GET https://dagshub.com/api/v1/user "HTTP/1.1 200 OK"
[2025-06-06 00:12:31,768] 107 - INFO - Initialized MLflow to track repo "Shahinurhasans/networksecurity"
[2025-06-06 00:12:31,769] 107 - INFO - Repository Shahinurhasans/networksecurity initialized!
[2025-06-06 00:12:32,735] 1025 - INFO - HTTP Request: GET https://dagshub.com/api/v1/repos/Shahinurhasans/networksecurity "HTTP/1.1 200 OK"
[2025-06-06 00:12:32,752] 107 - INFO - Initialized MLflow to track repo "Shahinurhasans/networksecurity"
[2025-06-06 00:12:32,755] 107 - INFO - Repository Shahinurhasans/networksecurity initialized!
[2025-06-06 00:12:32,757] 22 - INFO - Initiate the data ingestion
[2025-06-06 00:12:39,391] 65 - INFO - Performed train test split on the dataframe
[2025-06-06 00:12:39,391] 67 - INFO - Exited split_data_as_train_test method of Data_Ingestion class
[2025-06-06 00:12:39,391] 75 - INFO - Exporting train and test file path.
[2025-06-06 00:12:39,457] 84 - INFO - Exported train and test file path.
[2025-06-06 00:12:39,457] 24 - INFO - Data Initiation Completed
[2025-06-06 00:12:39,457] 28 - INFO - Initiate the data Validation
[2025-06-06 00:12:39,530] 32 - INFO - Required number of columns:2
[2025-06-06 00:12:39,530] 33 - INFO - Data frame has columns:31
[2025-06-06 00:12:39,530] 32 - INFO - Required number of columns:2
[2025-06-06 00:12:39,530] 33 - INFO - Data frame has columns:31
[2025-06-06 00:12:39,666] 30 - INFO - data Validation Completed
[2025-06-06 00:12:39,666] 33 - INFO - data Transformation started
[2025-06-06 00:12:39,667] 63 - INFO - Entered initiate_data_transformation method of DataTransformation class
[2025-06-06 00:12:39,667] 65 - INFO - Starting data transformation
[2025-06-06 00:12:39,693] 48 - INFO - Entered get_data_trnasformer_object method of Trnasformation class
[2025-06-06 00:12:39,693] 53 - INFO - Initialise KNNImputer with {'missing_values': nan, 'n_neighbors': 3, 'weights': 'uniform'}
[2025-06-06 00:12:48,326] 41 - INFO - Entered the save_object method of MainUtils class
[2025-06-06 00:12:48,332] 45 - INFO - Exited the save_object method of MainUtils class
[2025-06-06 00:12:48,332] 41 - INFO - Entered the save_object method of MainUtils class
[2025-06-06 00:12:48,332] 45 - INFO - Exited the save_object method of MainUtils class
[2025-06-06 00:12:48,335] 37 - INFO - data Transformation completed
[2025-06-06 00:12:48,335] 39 - INFO - Model Training sstared
