[2025-06-06 18:36:24,862] 1025 - INFO - HTTP Request: GET https://dagshub.com/api/v1/user "HTTP/1.1 200 OK"
[2025-06-06 18:36:24,868] 107 - INFO - Accessing as Shahinurhasans
[2025-06-06 18:36:25,453] 1025 - INFO - HTTP Request: GET https://dagshub.com/api/v1/repos/Shahinurhasans/networksecurity "HTTP/1.1 200 OK"
[2025-06-06 18:36:26,020] 1025 - INFO - HTTP Request: GET https://dagshub.com/api/v1/user "HTTP/1.1 200 OK"
[2025-06-06 18:36:26,023] 107 - INFO - Initialized MLflow to track repo "Shahinurhasans/networksecurity"
[2025-06-06 18:36:26,024] 107 - INFO - Repository Shahinurhasans/networksecurity initialized!
[2025-06-06 18:36:47,375] 42 - INFO - Start data Ingestion
[2025-06-06 18:37:07,018] 65 - INFO - Performed train test split on the dataframe
[2025-06-06 18:37:07,018] 67 - INFO - Exited split_data_as_train_test method of Data_Ingestion class
[2025-06-06 18:37:07,018] 75 - INFO - Exporting train and test file path.
[2025-06-06 18:37:07,083] 84 - INFO - Exported train and test file path.
[2025-06-06 18:37:07,083] 45 - INFO - Data Ingestion completed and artifact: DataIngestionArtifact(trained_file_path='artifact\\06_06_2025_18_36_20\\data_ingestion\\ingested\\train.csv', test_file_path='artifact\\06_06_2025_18_36_20\\data_ingestion\\ingested\\test.csv')
[2025-06-06 18:37:07,099] 55 - INFO - Initiate the data Validation
[2025-06-06 18:37:07,146] 32 - INFO - Required number of columns:2
[2025-06-06 18:37:07,146] 33 - INFO - Data frame has columns:31
[2025-06-06 18:37:07,146] 32 - INFO - Required number of columns:2
[2025-06-06 18:37:07,146] 33 - INFO - Data frame has columns:31
[2025-06-06 18:37:07,285] 63 - INFO - Entered initiate_data_transformation method of DataTransformation class
[2025-06-06 18:37:07,285] 65 - INFO - Starting data transformation
[2025-06-06 18:37:07,318] 48 - INFO - Entered get_data_trnasformer_object method of Trnasformation class
[2025-06-06 18:37:07,318] 53 - INFO - Initialise KNNImputer with {'missing_values': nan, 'n_neighbors': 3, 'weights': 'uniform'}
[2025-06-06 18:37:38,950] 41 - INFO - Entered the save_object method of MainUtils class
[2025-06-06 18:37:38,950] 45 - INFO - Exited the save_object method of MainUtils class
[2025-06-06 18:37:38,950] 41 - INFO - Entered the save_object method of MainUtils class
[2025-06-06 18:37:38,950] 45 - INFO - Exited the save_object method of MainUtils class
[2025-06-06 18:44:28,341] 868 - WARNING - Retrying (Retry(total=6, connect=7, read=6, redirect=7, status=7)) after connection broken by 'RemoteDisconnected('Remote end closed connection without response')': /Shahinurhasans/networksecurity.mlflow/api/2.0/mlflow/runs/create
