[2025-06-18 23:26:24,254] 1025 - INFO - HTTP Request: GET https://dagshub.com/api/v1/user "HTTP/1.1 200 OK"
[2025-06-18 23:26:24,269] 107 - INFO - Accessing as Shahinurhasans
[2025-06-18 23:26:24,756] 1025 - INFO - HTTP Request: GET https://dagshub.com/api/v1/repos/Shahinurhasans/networksecurity "HTTP/1.1 200 OK"
[2025-06-18 23:26:25,221] 1025 - INFO - HTTP Request: GET https://dagshub.com/api/v1/user "HTTP/1.1 200 OK"
[2025-06-18 23:26:25,221] 107 - INFO - Initialized MLflow to track repo "Shahinurhasans/networksecurity"
[2025-06-18 23:26:25,221] 107 - INFO - Repository Shahinurhasans/networksecurity initialized!
[2025-06-18 23:26:39,836] 42 - INFO - Start data Ingestion
[2025-06-18 23:26:54,669] 65 - INFO - Performed train test split on the dataframe
[2025-06-18 23:26:54,682] 67 - INFO - Exited split_data_as_train_test method of Data_Ingestion class
[2025-06-18 23:26:54,682] 75 - INFO - Exporting train and test file path.
[2025-06-18 23:26:54,735] 84 - INFO - Exported train and test file path.
[2025-06-18 23:26:54,735] 45 - INFO - Data Ingestion completed and artifact: DataIngestionArtifact(trained_file_path='artifact\\06_18_2025_23_26_20\\data_ingestion\\ingested\\train.csv', test_file_path='artifact\\06_18_2025_23_26_20\\data_ingestion\\ingested\\test.csv')
[2025-06-18 23:26:54,748] 55 - INFO - Initiate the data Validation
[2025-06-18 23:26:54,811] 32 - INFO - Required number of columns:2
[2025-06-18 23:26:54,811] 33 - INFO - Data frame has columns:31
[2025-06-18 23:26:54,811] 32 - INFO - Required number of columns:2
[2025-06-18 23:26:54,811] 33 - INFO - Data frame has columns:31
[2025-06-18 23:26:55,005] 63 - INFO - Entered initiate_data_transformation method of DataTransformation class
[2025-06-18 23:26:55,005] 65 - INFO - Starting data transformation
[2025-06-18 23:26:55,027] 48 - INFO - Entered get_data_trnasformer_object method of Trnasformation class
[2025-06-18 23:26:55,027] 53 - INFO - Initialise KNNImputer with {'missing_values': nan, 'n_neighbors': 3, 'weights': 'uniform'}
[2025-06-18 23:27:12,042] 41 - INFO - Entered the save_object method of MainUtils class
[2025-06-18 23:27:12,042] 45 - INFO - Exited the save_object method of MainUtils class
[2025-06-18 23:27:12,042] 41 - INFO - Entered the save_object method of MainUtils class
[2025-06-18 23:27:12,052] 45 - INFO - Exited the save_object method of MainUtils class
