[2025-06-18 12:53:25,170] 1025 - INFO - HTTP Request: GET https://dagshub.com/api/v1/user "HTTP/1.1 200 OK"
[2025-06-18 12:53:25,170] 107 - INFO - Accessing as Shahinurhasans
[2025-06-18 12:53:25,654] 1025 - INFO - HTTP Request: GET https://dagshub.com/api/v1/repos/Shahinurhasans/networksecurity "HTTP/1.1 200 OK"
[2025-06-18 12:53:26,093] 1025 - INFO - HTTP Request: GET https://dagshub.com/api/v1/user "HTTP/1.1 200 OK"
[2025-06-18 12:53:26,093] 107 - INFO - Initialized MLflow to track repo "Shahinurhasans/networksecurity"
[2025-06-18 12:53:26,093] 107 - INFO - Repository Shahinurhasans/networksecurity initialized!
[2025-06-18 12:54:10,115] 42 - INFO - Start data Ingestion
[2025-06-18 12:54:23,795] 65 - INFO - Performed train test split on the dataframe
[2025-06-18 12:54:23,795] 67 - INFO - Exited split_data_as_train_test method of Data_Ingestion class
[2025-06-18 12:54:23,795] 75 - INFO - Exporting train and test file path.
[2025-06-18 12:54:23,862] 84 - INFO - Exported train and test file path.
[2025-06-18 12:54:23,862] 45 - INFO - Data Ingestion completed and artifact: DataIngestionArtifact(trained_file_path='artifact\\06_18_2025_12_53_14\\data_ingestion\\ingested\\train.csv', test_file_path='artifact\\06_18_2025_12_53_14\\data_ingestion\\ingested\\test.csv')
[2025-06-18 12:54:23,879] 55 - INFO - Initiate the data Validation
[2025-06-18 12:54:23,945] 32 - INFO - Required number of columns:2
[2025-06-18 12:54:23,946] 33 - INFO - Data frame has columns:31
[2025-06-18 12:54:23,946] 32 - INFO - Required number of columns:2
[2025-06-18 12:54:23,946] 33 - INFO - Data frame has columns:31
[2025-06-18 12:54:24,094] 63 - INFO - Entered initiate_data_transformation method of DataTransformation class
[2025-06-18 12:54:24,094] 65 - INFO - Starting data transformation
[2025-06-18 12:54:24,111] 48 - INFO - Entered get_data_trnasformer_object method of Trnasformation class
[2025-06-18 12:54:24,111] 53 - INFO - Initialise KNNImputer with {'missing_values': nan, 'n_neighbors': 3, 'weights': 'uniform'}
[2025-06-18 12:54:41,859] 41 - INFO - Entered the save_object method of MainUtils class
[2025-06-18 12:54:41,859] 45 - INFO - Exited the save_object method of MainUtils class
[2025-06-18 12:54:41,859] 41 - INFO - Entered the save_object method of MainUtils class
[2025-06-18 12:54:41,859] 45 - INFO - Exited the save_object method of MainUtils class
[2025-06-18 13:03:04,030] 41 - INFO - Entered the save_object method of MainUtils class
[2025-06-18 13:03:04,030] 45 - INFO - Exited the save_object method of MainUtils class
[2025-06-18 13:03:04,030] 41 - INFO - Entered the save_object method of MainUtils class
[2025-06-18 13:03:04,030] 45 - INFO - Exited the save_object method of MainUtils class
[2025-06-18 13:03:04,030] 177 - INFO - Model trainer artifact: ModelTrainerArtifact(trained_model_file_path='artifact\\06_18_2025_12_53_14\\model_trainer\\trained_model\\model.pkl', train_metric_artifact=ClassificationMetricArtifact(f1_score=0.9919935137326442, precision_score=0.9922952149229521, recall_score=0.991691995947315), test_metric_artifact=ClassificationMetricArtifact(f1_score=0.9706362153344209, precision_score=0.967479674796748, recall_score=0.9738134206219312))
