[2025-06-24 16:50:07,429] 1025 - INFO - HTTP Request: GET https://dagshub.com/api/v1/user "HTTP/1.1 200 OK"
[2025-06-24 16:50:07,434] 107 - INFO - Accessing as Shahinurhasans
[2025-06-24 16:50:08,252] 1025 - INFO - HTTP Request: GET https://dagshub.com/api/v1/repos/Shahinurhasans/networksecurity "HTTP/1.1 200 OK"
[2025-06-24 16:50:09,024] 1025 - INFO - HTTP Request: GET https://dagshub.com/api/v1/user "HTTP/1.1 200 OK"
[2025-06-24 16:50:09,026] 107 - INFO - Initialized MLflow to track repo "Shahinurhasans/networksecurity"
[2025-06-24 16:50:09,027] 107 - INFO - Repository Shahinurhasans/networksecurity initialized!
[2025-06-24 16:50:33,170] 42 - INFO - Start data Ingestion
[2025-06-24 16:50:38,247] 65 - INFO - Performed train test split on the dataframe
[2025-06-24 16:50:38,247] 67 - INFO - Exited split_data_as_train_test method of Data_Ingestion class
[2025-06-24 16:50:38,247] 75 - INFO - Exporting train and test file path.
[2025-06-24 16:50:38,307] 84 - INFO - Exported train and test file path.
[2025-06-24 16:50:38,307] 45 - INFO - Data Ingestion completed and artifact: DataIngestionArtifact(trained_file_path='artifact\\06_24_2025_16_49_55\\data_ingestion\\ingested\\train.csv', test_file_path='artifact\\06_24_2025_16_49_55\\data_ingestion\\ingested\\test.csv')
[2025-06-24 16:50:38,317] 55 - INFO - Initiate the data Validation
[2025-06-24 16:50:38,373] 32 - INFO - Required number of columns:2
[2025-06-24 16:50:38,373] 33 - INFO - Data frame has columns:31
[2025-06-24 16:50:38,373] 32 - INFO - Required number of columns:2
[2025-06-24 16:50:38,373] 33 - INFO - Data frame has columns:31
[2025-06-24 16:50:38,511] 63 - INFO - Entered initiate_data_transformation method of DataTransformation class
[2025-06-24 16:50:38,511] 65 - INFO - Starting data transformation
[2025-06-24 16:50:38,532] 48 - INFO - Entered get_data_trnasformer_object method of Trnasformation class
[2025-06-24 16:50:38,532] 53 - INFO - Initialise KNNImputer with {'missing_values': nan, 'n_neighbors': 3, 'weights': 'uniform'}
[2025-06-24 16:50:41,727] 41 - INFO - Entered the save_object method of MainUtils class
[2025-06-24 16:50:41,733] 45 - INFO - Exited the save_object method of MainUtils class
[2025-06-24 16:50:41,733] 41 - INFO - Entered the save_object method of MainUtils class
[2025-06-24 16:50:41,735] 45 - INFO - Exited the save_object method of MainUtils class
